{"/home/maver1ck/Escritorio/Codewars/3 kyu/validateBattlefield.js": {"path":"/home/maver1ck/Escritorio/Codewars/3 kyu/validateBattlefield.js","all":false,"statementMap":{"0":{"start":{"line":1,"column":0},"end":{"line":1,"column":37}},"1":{"start":{"line":2,"column":0},"end":{"line":2,"column":20}},"2":{"start":{"line":3,"column":0},"end":{"line":3,"column":19}},"3":{"start":{"line":4,"column":0},"end":{"line":4,"column":19}},"4":{"start":{"line":5,"column":0},"end":{"line":5,"column":25}},"5":{"start":{"line":6,"column":0},"end":{"line":6,"column":34}},"6":{"start":{"line":7,"column":0},"end":{"line":7,"column":5}},"7":{"start":{"line":8,"column":0},"end":{"line":8,"column":92}},"8":{"start":{"line":9,"column":0},"end":{"line":9,"column":15}},"9":{"start":{"line":10,"column":0},"end":{"line":10,"column":27}},"10":{"start":{"line":11,"column":0},"end":{"line":11,"column":23}},"11":{"start":{"line":12,"column":0},"end":{"line":12,"column":17}},"12":{"start":{"line":13,"column":0},"end":{"line":13,"column":33}},"13":{"start":{"line":14,"column":0},"end":{"line":14,"column":30}},"14":{"start":{"line":15,"column":0},"end":{"line":15,"column":30}},"15":{"start":{"line":16,"column":0},"end":{"line":16,"column":30}},"16":{"start":{"line":17,"column":0},"end":{"line":17,"column":30}},"17":{"start":{"line":18,"column":0},"end":{"line":18,"column":34}},"18":{"start":{"line":19,"column":0},"end":{"line":19,"column":34}},"19":{"start":{"line":20,"column":0},"end":{"line":20,"column":34}},"20":{"start":{"line":21,"column":0},"end":{"line":21,"column":33}},"21":{"start":{"line":22,"column":0},"end":{"line":22,"column":5}},"22":{"start":{"line":23,"column":0},"end":{"line":23,"column":42}},"23":{"start":{"line":24,"column":0},"end":{"line":24,"column":5}},"24":{"start":{"line":25,"column":0},"end":{"line":25,"column":47}},"25":{"start":{"line":26,"column":0},"end":{"line":26,"column":7}},"26":{"start":{"line":27,"column":0},"end":{"line":27,"column":29}},"27":{"start":{"line":28,"column":0},"end":{"line":28,"column":9}},"28":{"start":{"line":29,"column":0},"end":{"line":29,"column":53}},"29":{"start":{"line":30,"column":0},"end":{"line":30,"column":38}},"30":{"start":{"line":31,"column":0},"end":{"line":31,"column":30}},"31":{"start":{"line":32,"column":0},"end":{"line":32,"column":25}},"32":{"start":{"line":33,"column":0},"end":{"line":33,"column":9}},"33":{"start":{"line":34,"column":0},"end":{"line":34,"column":22}},"34":{"start":{"line":35,"column":0},"end":{"line":35,"column":9}},"35":{"start":{"line":36,"column":0},"end":{"line":36,"column":33}},"36":{"start":{"line":37,"column":0},"end":{"line":37,"column":30}},"37":{"start":{"line":38,"column":0},"end":{"line":38,"column":29}},"38":{"start":{"line":39,"column":0},"end":{"line":39,"column":9}},"39":{"start":{"line":40,"column":0},"end":{"line":40,"column":18}},"40":{"start":{"line":41,"column":0},"end":{"line":41,"column":7}},"41":{"start":{"line":42,"column":0},"end":{"line":42,"column":5}},"42":{"start":{"line":43,"column":0},"end":{"line":43,"column":32}},"43":{"start":{"line":44,"column":0},"end":{"line":44,"column":5}},"44":{"start":{"line":45,"column":0},"end":{"line":45,"column":27}},"45":{"start":{"line":46,"column":0},"end":{"line":46,"column":51}},"46":{"start":{"line":47,"column":0},"end":{"line":47,"column":21}},"47":{"start":{"line":48,"column":0},"end":{"line":48,"column":23}},"48":{"start":{"line":49,"column":0},"end":{"line":49,"column":5}},"49":{"start":{"line":50,"column":0},"end":{"line":50,"column":26}},"50":{"start":{"line":51,"column":0},"end":{"line":51,"column":19}},"51":{"start":{"line":52,"column":0},"end":{"line":52,"column":16}},"52":{"start":{"line":53,"column":0},"end":{"line":53,"column":1}},"53":{"start":{"line":54,"column":0},"end":{"line":54,"column":37}}},"s":{"0":4,"1":4,"2":4,"3":4,"4":4,"5":4,"6":664,"7":664,"8":664,"9":664,"10":664,"11":78,"12":78,"13":78,"14":78,"15":78,"16":78,"17":78,"18":78,"19":78,"20":78,"21":78,"22":4,"23":4,"24":40,"25":40,"26":400,"27":400,"28":40,"29":40,"30":40,"31":40,"32":40,"33":400,"34":400,"35":40,"36":40,"37":40,"38":40,"39":400,"40":400,"41":40,"42":4,"43":4,"44":12,"45":12,"46":12,"47":9,"48":9,"49":4,"50":4,"51":1,"52":1,"53":1},"branchMap":{"0":{"type":"branch","line":1,"loc":{"start":{"line":1,"column":0},"end":{"line":53,"column":1}},"locations":[{"start":{"line":1,"column":0},"end":{"line":53,"column":1}}]},"1":{"type":"branch","line":24,"loc":{"start":{"line":24,"column":4},"end":{"line":42,"column":5}},"locations":[{"start":{"line":24,"column":4},"end":{"line":42,"column":5}}]},"2":{"type":"branch","line":26,"loc":{"start":{"line":26,"column":6},"end":{"line":41,"column":7}},"locations":[{"start":{"line":26,"column":6},"end":{"line":41,"column":7}}]},"3":{"type":"branch","line":28,"loc":{"start":{"line":28,"column":8},"end":{"line":33,"column":9}},"locations":[{"start":{"line":28,"column":8},"end":{"line":33,"column":9}}]},"4":{"type":"branch","line":29,"loc":{"start":{"line":29,"column":22},"end":{"line":29,"column":49}},"locations":[{"start":{"line":29,"column":22},"end":{"line":29,"column":49}}]},"5":{"type":"branch","line":29,"loc":{"start":{"line":29,"column":22},"end":{"line":29,"column":53}},"locations":[{"start":{"line":29,"column":22},"end":{"line":29,"column":53}}]},"6":{"type":"branch","line":32,"loc":{"start":{"line":32,"column":12},"end":{"line":32,"column":19}},"locations":[{"start":{"line":32,"column":12},"end":{"line":32,"column":19}}]},"7":{"type":"branch","line":35,"loc":{"start":{"line":35,"column":8},"end":{"line":39,"column":9}},"locations":[{"start":{"line":35,"column":8},"end":{"line":39,"column":9}}]},"8":{"type":"branch","line":37,"loc":{"start":{"line":37,"column":12},"end":{"line":37,"column":18}},"locations":[{"start":{"line":37,"column":12},"end":{"line":37,"column":18}}]},"9":{"type":"branch","line":44,"loc":{"start":{"line":44,"column":4},"end":{"line":49,"column":5}},"locations":[{"start":{"line":44,"column":4},"end":{"line":49,"column":5}}]},"10":{"type":"branch","line":46,"loc":{"start":{"line":46,"column":10},"end":{"line":46,"column":51}},"locations":[{"start":{"line":46,"column":10},"end":{"line":46,"column":51}}]},"11":{"type":"branch","line":47,"loc":{"start":{"line":47,"column":8},"end":{"line":47,"column":15}},"locations":[{"start":{"line":47,"column":8},"end":{"line":47,"column":15}}]},"12":{"type":"branch","line":47,"loc":{"start":{"line":47,"column":8},"end":{"line":49,"column":5}},"locations":[{"start":{"line":47,"column":8},"end":{"line":49,"column":5}}]},"13":{"type":"branch","line":50,"loc":{"start":{"line":50,"column":-1},"end":{"line":50,"column":9}},"locations":[{"start":{"line":50,"column":-1},"end":{"line":50,"column":9}}]},"14":{"type":"branch","line":51,"loc":{"start":{"line":51,"column":6},"end":{"line":51,"column":13}},"locations":[{"start":{"line":51,"column":6},"end":{"line":51,"column":13}}]},"15":{"type":"branch","line":51,"loc":{"start":{"line":51,"column":6},"end":{"line":53,"column":1}},"locations":[{"start":{"line":51,"column":6},"end":{"line":53,"column":1}}]},"16":{"type":"branch","line":6,"loc":{"start":{"line":6,"column":4},"end":{"line":22,"column":5}},"locations":[{"start":{"line":6,"column":4},"end":{"line":22,"column":5}}]},"17":{"type":"branch","line":8,"loc":{"start":{"line":8,"column":10},"end":{"line":8,"column":28}},"locations":[{"start":{"line":8,"column":10},"end":{"line":8,"column":28}}]},"18":{"type":"branch","line":8,"loc":{"start":{"line":8,"column":10},"end":{"line":8,"column":49}},"locations":[{"start":{"line":8,"column":10},"end":{"line":8,"column":49}}]},"19":{"type":"branch","line":8,"loc":{"start":{"line":8,"column":10},"end":{"line":8,"column":73}},"locations":[{"start":{"line":8,"column":10},"end":{"line":8,"column":73}}]},"20":{"type":"branch","line":8,"loc":{"start":{"line":8,"column":10},"end":{"line":8,"column":92}},"locations":[{"start":{"line":8,"column":10},"end":{"line":8,"column":92}}]},"21":{"type":"branch","line":9,"loc":{"start":{"line":9,"column":8},"end":{"line":9,"column":15}},"locations":[{"start":{"line":9,"column":8},"end":{"line":9,"column":15}}]},"22":{"type":"branch","line":9,"loc":{"start":{"line":9,"column":8},"end":{"line":10,"column":10}},"locations":[{"start":{"line":9,"column":8},"end":{"line":10,"column":10}}]},"23":{"type":"branch","line":11,"loc":{"start":{"line":11,"column":8},"end":{"line":11,"column":15}},"locations":[{"start":{"line":11,"column":8},"end":{"line":11,"column":15}}]},"24":{"type":"branch","line":11,"loc":{"start":{"line":11,"column":8},"end":{"line":22,"column":5}},"locations":[{"start":{"line":11,"column":8},"end":{"line":22,"column":5}}]}},"b":{"0":[4],"1":[40],"2":[400],"3":[40],"4":[12],"5":[28],"6":[0],"7":[40],"8":[15],"9":[12],"10":[11],"11":[3],"12":[9],"13":[1],"14":[0],"15":[1],"16":[664],"17":[631],"18":[598],"19":[598],"20":[598],"21":[586],"22":[78],"23":[0],"24":[78]},"fnMap":{"0":{"name":"validateBattlefield","decl":{"start":{"line":1,"column":0},"end":{"line":53,"column":1}},"loc":{"start":{"line":1,"column":0},"end":{"line":53,"column":1}},"line":1},"1":{"name":"dfs","decl":{"start":{"line":6,"column":4},"end":{"line":22,"column":5}},"loc":{"start":{"line":6,"column":4},"end":{"line":22,"column":5}},"line":6}},"f":{"0":4,"1":664}}
}
