TN:
SF:validateBattlefield.js
FN:1,validateBattlefield
FN:6,dfs
FNF:2
FNH:2
FNDA:4,validateBattlefield
FNDA:664,dfs
DA:1,4
DA:2,4
DA:3,4
DA:4,4
DA:5,4
DA:6,4
DA:7,664
DA:8,664
DA:9,664
DA:10,664
DA:11,664
DA:12,78
DA:13,78
DA:14,78
DA:15,78
DA:16,78
DA:17,78
DA:18,78
DA:19,78
DA:20,78
DA:21,78
DA:22,78
DA:23,4
DA:24,4
DA:25,40
DA:26,40
DA:27,400
DA:28,400
DA:29,40
DA:30,40
DA:31,40
DA:32,40
DA:33,40
DA:34,400
DA:35,400
DA:36,40
DA:37,40
DA:38,40
DA:39,40
DA:40,400
DA:41,400
DA:42,40
DA:43,4
DA:44,4
DA:45,12
DA:46,12
DA:47,12
DA:48,9
DA:49,9
DA:50,4
DA:51,4
DA:52,1
DA:53,1
DA:54,1
LF:54
LH:54
BRDA:1,0,0,4
BRDA:24,1,0,40
BRDA:26,2,0,400
BRDA:28,3,0,40
BRDA:29,4,0,12
BRDA:29,5,0,28
BRDA:32,6,0,0
BRDA:35,7,0,40
BRDA:37,8,0,15
BRDA:44,9,0,12
BRDA:46,10,0,11
BRDA:47,11,0,3
BRDA:47,12,0,9
BRDA:50,13,0,1
BRDA:51,14,0,0
BRDA:51,15,0,1
BRDA:6,16,0,664
BRDA:8,17,0,631
BRDA:8,18,0,598
BRDA:8,19,0,598
BRDA:8,20,0,598
BRDA:9,21,0,586
BRDA:9,22,0,78
BRDA:11,23,0,0
BRDA:11,24,0,78
BRF:25
BRH:22
end_of_record
