{"/home/maver1ck/Escritorio/Codewars/8 kyu/multiply.js": {"path":"/home/maver1ck/Escritorio/Codewars/8 kyu/multiply.js","all":false,"statementMap":{"0":{"start":{"line":1,"column":0},"end":{"line":1,"column":24}},"1":{"start":{"line":2,"column":0},"end":{"line":2,"column":65}},"2":{"start":{"line":3,"column":0},"end":{"line":3,"column":57}},"3":{"start":{"line":4,"column":0},"end":{"line":4,"column":16}},"4":{"start":{"line":5,"column":0},"end":{"line":5,"column":3}},"5":{"start":{"line":6,"column":0},"end":{"line":6,"column":28}}},"s":{"0":103,"1":103,"2":103,"3":103,"4":103,"5":1},"branchMap":{"0":{"type":"branch","line":1,"loc":{"start":{"line":1,"column":0},"end":{"line":5,"column":3}},"locations":[{"start":{"line":1,"column":0},"end":{"line":5,"column":3}}]},"1":{"type":"branch","line":3,"loc":{"start":{"line":3,"column":6},"end":{"line":3,"column":12}},"locations":[{"start":{"line":3,"column":6},"end":{"line":3,"column":12}}]}},"b":{"0":[103],"1":[0]},"fnMap":{"0":{"name":"multiply","decl":{"start":{"line":1,"column":0},"end":{"line":5,"column":3}},"loc":{"start":{"line":1,"column":0},"end":{"line":5,"column":3}},"line":1}},"f":{"0":103}}
}
