{"/home/maver1ck/Escritorio/Codewars/4 kyu/snail.js": {"path":"/home/maver1ck/Escritorio/Codewars/4 kyu/snail.js","all":false,"statementMap":{"0":{"start":{"line":1,"column":0},"end":{"line":1,"column":24}},"1":{"start":{"line":2,"column":0},"end":{"line":2,"column":24}},"2":{"start":{"line":3,"column":0},"end":{"line":3,"column":24}},"3":{"start":{"line":4,"column":0},"end":{"line":4,"column":38}},"4":{"start":{"line":5,"column":0},"end":{"line":5,"column":48}},"5":{"start":{"line":6,"column":0},"end":{"line":6,"column":46}},"6":{"start":{"line":7,"column":0},"end":{"line":7,"column":5}},"7":{"start":{"line":8,"column":0},"end":{"line":8,"column":21}},"8":{"start":{"line":9,"column":0},"end":{"line":9,"column":3}},"9":{"start":{"line":10,"column":0},"end":{"line":10,"column":25}}},"s":{"0":1,"1":6,"2":6,"3":19,"4":19,"5":19,"6":19,"7":6,"8":6,"9":1},"branchMap":{"0":{"type":"branch","line":1,"loc":{"start":{"line":1,"column":15},"end":{"line":9,"column":3}},"locations":[{"start":{"line":1,"column":15},"end":{"line":9,"column":3}}]},"1":{"type":"branch","line":3,"loc":{"start":{"line":3,"column":23},"end":{"line":7,"column":5}},"locations":[{"start":{"line":3,"column":23},"end":{"line":7,"column":5}}]},"2":{"type":"branch","line":5,"loc":{"start":{"line":5,"column":14},"end":{"line":5,"column":31}},"locations":[{"start":{"line":5,"column":14},"end":{"line":5,"column":31}}]},"3":{"type":"branch","line":6,"loc":{"start":{"line":6,"column":24},"end":{"line":6,"column":34}},"locations":[{"start":{"line":6,"column":24},"end":{"line":6,"column":34}}]}},"b":{"0":[6],"1":[19],"2":[31],"3":[31]},"fnMap":{"0":{"name":"snail","decl":{"start":{"line":1,"column":15},"end":{"line":9,"column":3}},"loc":{"start":{"line":1,"column":15},"end":{"line":9,"column":3}},"line":1}},"f":{"0":6}}
}
