<?xml version="1.0" encoding="UTF-8"?>
<coverage generated="1663868940869" clover="3.2.0">
  <project timestamp="1663868940869" name="All files">
    <metrics statements="11" coveredstatements="11" conditionals="5" coveredconditionals="5" methods="1" coveredmethods="1" elements="17" coveredelements="17" complexity="0" loc="11" ncloc="11" packages="1" files="1" classes="1"/>
    <file name="solution.js" path="/home/maver1ck/Escritorio/Codewars/6 kyu/solution.js">
      <metrics statements="11" coveredstatements="11" conditionals="5" coveredconditionals="5" methods="1" coveredmethods="1"/>
      <line num="1" count="111" type="cond" truecount="1" falsecount="0"/>
      <line num="2" count="111" type="stmt"/>
      <line num="3" count="111" type="stmt"/>
      <line num="4" count="111" type="stmt"/>
      <line num="5" count="111" type="cond" truecount="3" falsecount="0"/>
      <line num="6" count="660521" type="stmt"/>
      <line num="7" count="660521" type="stmt"/>
      <line num="8" count="111" type="cond" truecount="1" falsecount="0"/>
      <line num="9" count="111" type="stmt"/>
      <line num="10" count="111" type="stmt"/>
      <line num="11" count="1" type="stmt"/>
    </file>
  </project>
</coverage>
