{"/home/maver1ck/Escritorio/Codewars/6 kyu/solution.js": {"path":"/home/maver1ck/Escritorio/Codewars/6 kyu/solution.js","all":false,"statementMap":{"0":{"start":{"line":1,"column":0},"end":{"line":1,"column":26}},"1":{"start":{"line":2,"column":0},"end":{"line":2,"column":20}},"2":{"start":{"line":3,"column":0},"end":{"line":3,"column":18}},"3":{"start":{"line":4,"column":0},"end":{"line":4,"column":31}},"4":{"start":{"line":5,"column":0},"end":{"line":5,"column":31}},"5":{"start":{"line":6,"column":0},"end":{"line":6,"column":21}},"6":{"start":{"line":7,"column":0},"end":{"line":7,"column":5}},"7":{"start":{"line":8,"column":0},"end":{"line":8,"column":47}},"8":{"start":{"line":9,"column":0},"end":{"line":9,"column":19}},"9":{"start":{"line":10,"column":0},"end":{"line":10,"column":3}},"10":{"start":{"line":11,"column":0},"end":{"line":11,"column":28}}},"s":{"0":111,"1":111,"2":111,"3":111,"4":111,"5":660521,"6":660521,"7":111,"8":111,"9":111,"10":1},"branchMap":{"0":{"type":"branch","line":1,"loc":{"start":{"line":1,"column":0},"end":{"line":10,"column":3}},"locations":[{"start":{"line":1,"column":0},"end":{"line":10,"column":3}}]},"1":{"type":"branch","line":5,"loc":{"start":{"line":5,"column":4},"end":{"line":7,"column":5}},"locations":[{"start":{"line":5,"column":4},"end":{"line":7,"column":5}}]},"2":{"type":"branch","line":5,"loc":{"start":{"line":5,"column":8},"end":{"line":5,"column":30}},"locations":[{"start":{"line":5,"column":8},"end":{"line":5,"column":30}}]},"3":{"type":"branch","line":5,"loc":{"start":{"line":5,"column":30},"end":{"line":7,"column":5}},"locations":[{"start":{"line":5,"column":30},"end":{"line":7,"column":5}}]},"4":{"type":"branch","line":8,"loc":{"start":{"line":8,"column":18},"end":{"line":8,"column":47}},"locations":[{"start":{"line":8,"column":18},"end":{"line":8,"column":47}}]}},"b":{"0":[111],"1":[1415448],"2":[943654],"3":[660521],"4":[660521]},"fnMap":{"0":{"name":"solution","decl":{"start":{"line":1,"column":0},"end":{"line":10,"column":3}},"loc":{"start":{"line":1,"column":0},"end":{"line":10,"column":3}},"line":1}},"f":{"0":111}}
}
