<?xml version="1.0" encoding="UTF-8"?>
<coverage generated="1663854342338" clover="3.2.0">
  <project timestamp="1663854342338" name="All files">
    <metrics statements="13" coveredstatements="13" conditionals="3" coveredconditionals="3" methods="1" coveredmethods="1" elements="17" coveredelements="17" complexity="0" loc="13" ncloc="13" packages="1" files="1" classes="1"/>
    <file name="getCount.js" path="/home/maver1ck/Escritorio/Codewars/7 kyu/getCount.js">
      <metrics statements="13" coveredstatements="13" conditionals="3" coveredconditionals="3" methods="1" coveredmethods="1"/>
      <line num="1" count="1" type="stmt"/>
      <line num="2" count="1" type="stmt"/>
      <line num="3" count="102" type="cond" truecount="1" falsecount="0"/>
      <line num="4" count="102" type="stmt"/>
      <line num="5" count="102" type="stmt"/>
      <line num="6" count="102" type="cond" truecount="1" falsecount="0"/>
      <line num="7" count="2451" type="cond" truecount="1" falsecount="0"/>
      <line num="8" count="387" type="stmt"/>
      <line num="9" count="387" type="stmt"/>
      <line num="10" count="2451" type="stmt"/>
      <line num="11" count="102" type="stmt"/>
      <line num="12" count="102" type="stmt"/>
      <line num="13" count="1" type="stmt"/>
    </file>
  </project>
</coverage>
