<?xml version="1.0" encoding="UTF-8"?>
<coverage generated="1663872005220" clover="3.2.0">
  <project timestamp="1663872005220" name="All files">
    <metrics statements="14" coveredstatements="14" conditionals="4" coveredconditionals="4" methods="1" coveredmethods="1" elements="19" coveredelements="19" complexity="0" loc="14" ncloc="14" packages="1" files="1" classes="1"/>
    <file name="pigIt.js" path="/home/maver1ck/Escritorio/Codewars/5 kyu/pigIt.js">
      <metrics statements="14" coveredstatements="14" conditionals="4" coveredconditionals="4" methods="1" coveredmethods="1"/>
      <line num="1" count="17" type="cond" truecount="1" falsecount="0"/>
      <line num="2" count="17" type="stmt"/>
      <line num="3" count="17" type="stmt"/>
      <line num="4" count="17" type="stmt"/>
      <line num="5" count="17" type="cond" truecount="1" falsecount="0"/>
      <line num="6" count="51" type="cond" truecount="2" falsecount="0"/>
      <line num="7" count="1" type="stmt"/>
      <line num="8" count="1" type="stmt"/>
      <line num="9" count="1" type="stmt"/>
      <line num="10" count="1" type="stmt"/>
      <line num="11" count="51" type="stmt"/>
      <line num="12" count="17" type="stmt"/>
      <line num="13" count="17" type="stmt"/>
      <line num="14" count="1" type="stmt"/>
    </file>
  </project>
</coverage>
